<?xml version="1.0" encoding="UTF-8"?>
<!-- Generated by org.testng.reporters.JUnitReportReporter -->
<testsuite hostname="mustafa-ABRA-A5-V15-8" failures="0" tests="3" name="tr.com.turksat.sekilapp.model.KareTest" time="0.000" errors="0" timestamp="2025-07-18T09:15:32 TRT" skipped="0">
  <testcase classname="tr.com.turksat.sekilapp.model.KareTest" name="testKareAlanVeCevre" time="0.000"/>
  <testcase classname="tr.com.turksat.sekilapp.model.KareTest" name="testKareAlanVeCevre" time="0.000"/>
  <testcase classname="tr.com.turksat.sekilapp.model.KareTest" name="testKareAlanVeCevre" time="0.000"/>
</testsuite> <!-- tr.com.turksat.sekilapp.model.KareTest -->
